Login attempt for email: administradorassa@painel.com
Password provided: 38428656
Stored hash: N/A
Password verify result: false
Login attempt for email: administrador@painel.com
Password provided: 38428656
Stored hash: $2y$10$J2cMnBa9KmafB9379.4y4.MCbXWGk9yf4LzAxLqPx7AXdRYFtomBW
Password verify result: true
Login attempt for email: administradora@painel.com
Password provided: aaaaa
Stored hash: N/A
Password verify result: false
Login attempt for email: administrador@painel.com
Password provided: 38428656
Stored hash: $2y$10$J2cMnBa9KmafB9379.4y4.MCbXWGk9yf4LzAxLqPx7AXdRYFtomBW
Password verify result: true
Login attempt for email: administradora@painel.com
Password provided: 38428656
Stored hash: N/A
Password verify result: false
Login attempt for email: administrador@painel.com
Password provided: 38428656
Stored hash: $2y$10$J2cMnBa9KmafB9379.4y4.MCbXWGk9yf4LzAxLqPx7AXdRYFtomBW
Password verify result: true
Login attempt for email: administradora@painel.com
Password provided: 38428656
Stored hash: N/A
Password verify result: false
Login attempt for email: administrador@painel.com
Password provided: 38428656
Stored hash: $2y$10$J2cMnBa9KmafB9379.4y4.MCbXWGk9yf4LzAxLqPx7AXdRYFtomBW
Password verify result: true
Login attempt for email: administradora@painel.com
Password provided: 38428656
Stored hash: N/A
Password verify result: false
Login attempt for email: administrador@painel.com
Password provided: 38428656
Stored hash: $2y$10$J2cMnBa9KmafB9379.4y4.MCbXWGk9yf4LzAxLqPx7AXdRYFtomBW
Password verify result: true
Login attempt for email: administradora@painel.com
Password provided: 38428656
Stored hash: $2y$10$IS49DDpYi9D4svld7HX2QeaD.sMEmX6RLh8EzvTYYriWOEohwOi6S
Password verify result: true
Login attempt for email: administrador@painel.com
Password provided: 38428656
Stored hash: $2y$10$J2cMnBa9KmafB9379.4y4.MCbXWGk9yf4LzAxLqPx7AXdRYFtomBW
Password verify result: true
Login attempt for email: administrador@painel.com
Password provided: 38428656
Stored hash: $2y$10$J2cMnBa9KmafB9379.4y4.MCbXWGk9yf4LzAxLqPx7AXdRYFtomBW
Password verify result: true
Login attempt for email: professor@painel.com
Password provided: 38428656
Stored hash: $2y$10$41JdmyWwK5gjL.f3PKZCM.6OwWuk38MyQrZ5hoDojoyNTYtUE9oBC
Password verify result: true
Login attempt for email: administrador@painel.com
Password provided: 38428656
Stored hash: $2y$10$J2cMnBa9KmafB9379.4y4.MCbXWGk9yf4LzAxLqPx7AXdRYFtomBW
Password verify result: true
Login attempt for email: administrador@painel.com
Password provided: 38428656
Stored hash: $2y$10$J2cMnBa9KmafB9379.4y4.MCbXWGk9yf4LzAxLqPx7AXdRYFtomBW
Password verify result: true
Login attempt for email: tallys.icloud@gmail.com
Password provided: 38428656
Stored hash: $2y$10$slejz/ibPStc6d0UcnJ5AeLABzqCOeBHbHXxPaBzaVXbA7BGCTLyu
Password verify result: true
Login attempt for email: administrador@painel.com
Password provided: 38428656
Stored hash: $2y$10$J2cMnBa9KmafB9379.4y4.MCbXWGk9yf4LzAxLqPx7AXdRYFtomBW
Password verify result: true
Login attempt for email: tallys.icloud@gmail.com
Password provided: 38428656
Stored hash: $2y$10$slejz/ibPStc6d0UcnJ5AeLABzqCOeBHbHXxPaBzaVXbA7BGCTLyu
Password verify result: true
Login attempt for email: administrador@painel.com
Password provided: 38428656
Stored hash: $2y$10$J2cMnBa9KmafB9379.4y4.MCbXWGk9yf4LzAxLqPx7AXdRYFtomBW
Password verify result: true
Login attempt for email: tallys.alexandre@gmail.com
Password provided: 38428656
Stored hash: $2y$10$qy4x/1PSY0vyMhllw7cUs.PlDZq7jLD7moVryhkMaYEl2GlS359KK
Password verify result: true
Login attempt for email: administrador@painel.com
Password provided: 38428656
Stored hash: $2y$10$J2cMnBa9KmafB9379.4y4.MCbXWGk9yf4LzAxLqPx7AXdRYFtomBW
Password verify result: true
Login attempt for email: administradora@painel.com
Password provided: 38428656
Stored hash: $2y$10$IS49DDpYi9D4svld7HX2QeaD.sMEmX6RLh8EzvTYYriWOEohwOi6S
Password verify result: true
Login attempt for email: tallys.alexandre@gmail.com
Password provided: 38428656
Stored hash: $2y$10$qy4x/1PSY0vyMhllw7cUs.PlDZq7jLD7moVryhkMaYEl2GlS359KK
Password verify result: true
Login attempt for email: administrador@painel.com
Password provided: 38428656
Stored hash: $2y$10$J2cMnBa9KmafB9379.4y4.MCbXWGk9yf4LzAxLqPx7AXdRYFtomBW
Password verify result: true
Login attempt for email: administrador@painel.com
Password provided: 38428656
Stored hash: $2y$10$J2cMnBa9KmafB9379.4y4.MCbXWGk9yf4LzAxLqPx7AXdRYFtomBW
Password verify result: true
Login attempt for email: administrador@painel.com
Password provided: 38428656
Stored hash: $2y$10$J2cMnBa9KmafB9379.4y4.MCbXWGk9yf4LzAxLqPx7AXdRYFtomBW
Password verify result: true
Login attempt for email: tallys.icloud@gmail.com
Password provided: 38428656
Stored hash: $2y$10$Hic0kc7WY9DA9dzw0lRJc.ALxra3kJZ0Efao/aIM3jeEtcZwy/JKK
Password verify result: true
Login attempt for email: administrador@painel.com
Password provided: 38428656
Stored hash: $2y$10$J2cMnBa9KmafB9379.4y4.MCbXWGk9yf4LzAxLqPx7AXdRYFtomBW
Password verify result: true
Login attempt for email: administrador@painel.com
Password provided: 38428656
Stored hash: $2y$10$J2cMnBa9KmafB9379.4y4.MCbXWGk9yf4LzAxLqPx7AXdRYFtomBW
Password verify result: true
Login attempt for email: administrador@painel.com
Password provided: 38428656
Stored hash: $2y$10$J2cMnBa9KmafB9379.4y4.MCbXWGk9yf4LzAxLqPx7AXdRYFtomBW
Password verify result: true
Login attempt for email: administrador@painel.com
Password provided: 38428656
Stored hash: $2y$10$J2cMnBa9KmafB9379.4y4.MCbXWGk9yf4LzAxLqPx7AXdRYFtomBW
Password verify result: true
Login attempt for email: administrador@painel.com
Password provided: 38428656
Stored hash: $2y$10$J2cMnBa9KmafB9379.4y4.MCbXWGk9yf4LzAxLqPx7AXdRYFtomBW
Password verify result: true
Login attempt for email: Gestaooceanoazul@gmail.com
Password provided: W49$D01M77
Stored hash: N/A
Password verify result: false
Login attempt for email: Gestaooceanoazul@gmail.com
Password provided: W49$D01M77
Stored hash: N/A
Password verify result: false
Login attempt for email: gestaooceanoazul@gmail.com
Password provided: W49$D01M77
Stored hash: N/A
Password verify result: false
Login attempt for email: gestaooceanoazul@gmail.com
Password provided: W49$D01M77
Stored hash: N/A
Password verify result: false
Login attempt for email: administrador@painel.com
Password provided: 38428656
Stored hash: $2y$10$J2cMnBa9KmafB9379.4y4.MCbXWGk9yf4LzAxLqPx7AXdRYFtomBW
Password verify result: true
Login attempt for email: administrador@painel.com
Password provided: 38428656
Stored hash: $2y$10$J2cMnBa9KmafB9379.4y4.MCbXWGk9yf4LzAxLqPx7AXdRYFtomBW
Password verify result: true
Login attempt for email: administrador@painel.com
Password provided: 38428656
Stored hash: $2y$10$J2cMnBa9KmafB9379.4y4.MCbXWGk9yf4LzAxLqPx7AXdRYFtomBW
Password verify result: true
Login attempt for email: administrador@painel.com
Password provided: 38428656
Stored hash: $2y$10$J2cMnBa9KmafB9379.4y4.MCbXWGk9yf4LzAxLqPx7AXdRYFtomBW
Password verify result: true
Login attempt for email: administrador@painel.com
Password provided: 38428656
Stored hash: $2y$10$J2cMnBa9KmafB9379.4y4.MCbXWGk9yf4LzAxLqPx7AXdRYFtomBW
Password verify result: true
Login attempt for email: administrador@painel.com
Password provided: 38428656
Stored hash: $2y$10$J2cMnBa9KmafB9379.4y4.MCbXWGk9yf4LzAxLqPx7AXdRYFtomBW
Password verify result: true
Login attempt for email: administrador@painel.com
Password provided: 38428656@Ta
Stored hash: $2y$10$J2cMnBa9KmafB9379.4y4.MCbXWGk9yf4LzAxLqPx7AXdRYFtomBW
Password verify result: false
Login attempt for email: administrador@painel.com
Password provided: 38428656@Ta
Stored hash: $2y$10$J2cMnBa9KmafB9379.4y4.MCbXWGk9yf4LzAxLqPx7AXdRYFtomBW
Password verify result: false
Login attempt for email: administrador@painel.com
Password provided: 38428656
Stored hash: $2y$10$J2cMnBa9KmafB9379.4y4.MCbXWGk9yf4LzAxLqPx7AXdRYFtomBW
Password verify result: true
Login attempt for email: silas.lins77@gmail.com
Password provided: 38428656
Stored hash: $2y$10$mOdRmkSiNEPp.bP7wCNk7.bcPayqqREgkYGPm7yMKCLBO4QJ5cWMW
Password verify result: true
Login attempt for email: administrador@painel.com
Password provided: 38428656
Stored hash: $2y$10$J2cMnBa9KmafB9379.4y4.MCbXWGk9yf4LzAxLqPx7AXdRYFtomBW
Password verify result: true
Login attempt for email: silas.lins77@gmail.com
Password provided: 38428656
Stored hash: $2y$10$mOdRmkSiNEPp.bP7wCNk7.bcPayqqREgkYGPm7yMKCLBO4QJ5cWMW
Password verify result: true
Login attempt for email: administrador@painel.com
Password provided: 38428656
Stored hash: $2y$10$J2cMnBa9KmafB9379.4y4.MCbXWGk9yf4LzAxLqPx7AXdRYFtomBW
Password verify result: true
Login attempt for email: administrador@painel.com
Password provided: 38428656
Stored hash: $2y$10$J2cMnBa9KmafB9379.4y4.MCbXWGk9yf4LzAxLqPx7AXdRYFtomBW
Password verify result: true
Login attempt for email: administrador@painel.com
Password provided: 38428656
Stored hash: $2y$10$J2cMnBa9KmafB9379.4y4.MCbXWGk9yf4LzAxLqPx7AXdRYFtomBW
Password verify result: true
Login attempt for email: administrador@painel.com
Password provided: 38428656
Stored hash: $2y$10$J2cMnBa9KmafB9379.4y4.MCbXWGk9yf4LzAxLqPx7AXdRYFtomBW
Password verify result: true
Login attempt for email: administrador@painel.com
Password provided: 38428656
Stored hash: $2y$10$J2cMnBa9KmafB9379.4y4.MCbXWGk9yf4LzAxLqPx7AXdRYFtomBW
Password verify result: true
Login attempt for email: bryce76@wirethings.net
Password provided: Alec1964
Stored hash: N/A
Password verify result: false
Login attempt for email: hugolehmann92@outlook.com
Password provided: Arne1988
Stored hash: N/A
Password verify result: false
Login attempt for email: bryce76@wirethings.net
Password provided: Arne1943!
Stored hash: N/A
Password verify result: false
Login attempt for email: ghowell00@yahoo.com
Password provided: Alec1964
Stored hash: N/A
Password verify result: false
Login attempt for email: ghowell00@yahoo.com
Password provided: Arne1988
Stored hash: N/A
Password verify result: false
Login attempt for email: administrador@painel.com
Password provided: 38428656
Stored hash: $2y$10$J2cMnBa9KmafB9379.4y4.MCbXWGk9yf4LzAxLqPx7AXdRYFtomBW
Password verify result: true
Login attempt for email: administrador@painel.com
Password provided: 38428656
Stored hash: $2y$10$J2cMnBa9KmafB9379.4y4.MCbXWGk9yf4LzAxLqPx7AXdRYFtomBW
Password verify result: true
Login attempt for email: administrador@painel.com
Password provided: 38428656
Stored hash: $2y$10$J2cMnBa9KmafB9379.4y4.MCbXWGk9yf4LzAxLqPx7AXdRYFtomBW
Password verify result: true
Login attempt for email: admin@painel.com.br
Password provided: 38428656@Ta
Stored hash: N/A
Password verify result: false
Login attempt for email: administrador@painel.com.br
Password provided: 38428656@Ta
Stored hash: N/A
Password verify result: false
Login attempt for email: administrador@painel.com.br
Password provided: 38428656
Stored hash: N/A
Password verify result: false
Login attempt for email: administrador@painel.com
Password provided: 38428656
Stored hash: $2y$10$J2cMnBa9KmafB9379.4y4.MCbXWGk9yf4LzAxLqPx7AXdRYFtomBW
Password verify result: true
Login attempt for email: silas.lins77@gmail.com
Password provided: Sevend@ys77
Stored hash: $2y$10$mOdRmkSiNEPp.bP7wCNk7.bcPayqqREgkYGPm7yMKCLBO4QJ5cWMW
Password verify result: false
Login attempt for email: silas.lins77@gmail.com
Password provided: Sevend@ys77
Stored hash: $2y$10$mOdRmkSiNEPp.bP7wCNk7.bcPayqqREgkYGPm7yMKCLBO4QJ5cWMW
Password verify result: false
Login attempt for email: administrador@painel.com
Password provided: 38428656
Stored hash: $2y$10$J2cMnBa9KmafB9379.4y4.MCbXWGk9yf4LzAxLqPx7AXdRYFtomBW
Password verify result: true
Login attempt for email: silas.lins77@gmail.com
Password provided: Sevend@ys77
Stored hash: $2y$10$dpLKnhXGXIFALl6MJEk0puL2q1tm6OHBaV.fJ33itBv3S88EY5dHS
Password verify result: true
Login attempt for email: administrador@painel.com
Password provided: Sevend@ys77
Stored hash: $2y$10$J2cMnBa9KmafB9379.4y4.MCbXWGk9yf4LzAxLqPx7AXdRYFtomBW
Password verify result: false
Login attempt for email: administrador@painel.com
Password provided: Sevend@ys77
Stored hash: $2y$10$J2cMnBa9KmafB9379.4y4.MCbXWGk9yf4LzAxLqPx7AXdRYFtomBW
Password verify result: false
Login attempt for email: administrador@painel.com
Password provided: Sevend@ys77
Stored hash: $2y$10$J2cMnBa9KmafB9379.4y4.MCbXWGk9yf4LzAxLqPx7AXdRYFtomBW
Password verify result: false
Login attempt for email: administrador@painel.com
Password provided: Sevend@ys77
Stored hash: $2y$10$J2cMnBa9KmafB9379.4y4.MCbXWGk9yf4LzAxLqPx7AXdRYFtomBW
Password verify result: false
Login attempt for email: administrador@painel.com
Password provided: Sevend@ys77
Stored hash: $2y$10$J2cMnBa9KmafB9379.4y4.MCbXWGk9yf4LzAxLqPx7AXdRYFtomBW
Password verify result: false
Login attempt for email: administrador@painel.com
Password provided: 38428656
Stored hash: $2y$10$J2cMnBa9KmafB9379.4y4.MCbXWGk9yf4LzAxLqPx7AXdRYFtomBW
Password verify result: true
Login attempt for email: administrador@painel.com
Password provided: 38428656
Stored hash: $2y$10$J2cMnBa9KmafB9379.4y4.MCbXWGk9yf4LzAxLqPx7AXdRYFtomBW
Password verify result: true
Login attempt for email: silas.lins77@gmail.com
Password provided: Sevend@ys77
Stored hash: $2y$10$/uLBE7zrEw3M4UJHvA3zU.GXcDS.Rn8WQGQdfWMvcrBVmScYOkDA.
Password verify result: true
Login attempt for email: silas.lins77@gmail.com
Password provided: Sevend@ys77
Stored hash: $2y$10$/uLBE7zrEw3M4UJHvA3zU.GXcDS.Rn8WQGQdfWMvcrBVmScYOkDA.
Password verify result: true
Login attempt for email: silas.lins77@gmail.com
Password provided: Sevend@ys77
Stored hash: $2y$10$/uLBE7zrEw3M4UJHvA3zU.GXcDS.Rn8WQGQdfWMvcrBVmScYOkDA.
Password verify result: true
Login attempt for email: silas.lins77@gmail.com
Password provided: Sevend@ys77
Stored hash: $2y$10$/uLBE7zrEw3M4UJHvA3zU.GXcDS.Rn8WQGQdfWMvcrBVmScYOkDA.
Password verify result: true
Login attempt for email: silas.lins77@gmail.com
Password provided: Sevend@ys77
Stored hash: $2y$10$/uLBE7zrEw3M4UJHvA3zU.GXcDS.Rn8WQGQdfWMvcrBVmScYOkDA.
Password verify result: true
Login attempt for email: silas.lins77@gmail.com
Password provided: Sevend@ys77
Stored hash: $2y$10$/uLBE7zrEw3M4UJHvA3zU.GXcDS.Rn8WQGQdfWMvcrBVmScYOkDA.
Password verify result: true
